[00:06:20] [Server thread/INFO]: P0tatoDan drowned
[00:10:30] [Server thread/INFO]: P0tatoDan lost connection: Disconnected
[00:10:30] [Server thread/INFO]: P0tatoDan left the game
[00:10:40] [Server thread/INFO]: Unknown command. Type "/help" for help.
[00:10:44] [Server thread/INFO]: Unknown command. Type "/help" for help.
[00:10:52] [Server thread/INFO]: Unknown command. Type "/help" for help.
[00:10:55] [Server thread/INFO]: Unknown command. Type "/help" for help.
[00:11:43] [Server thread/INFO]: Unknown command. Type "/help" for help.
[00:13:56] [Server thread/INFO]: Stopping server
[00:13:56] [Server thread/INFO]: [AntiCreeper] Disabling AntiCreeper v2.6
[00:13:56] [Server thread/INFO]: [AntiCreeper] Disabled!
[00:13:56] [Server thread/INFO]: [Bosses] Disabling Bosses v1.0-SNAPSHOT
[00:13:56] [Server thread/INFO]: [LuckPerms] Disabling LuckPerms v5.4.98
[00:13:56] [Server thread/INFO]: [LuckPerms] Starting shutdown process...
[00:13:56] [Server thread/INFO]: [LuckPerms] Closing storage...
[00:13:56] [Server thread/INFO]: [LuckPerms] Goodbye!
[00:13:56] [Server thread/INFO]: [PlugManX] Disabling PlugManX v2.3.1
[00:13:56] [Server thread/INFO]: [Quests] Disabling Quests v4.8.3-b423
[00:13:56] [Server thread/INFO]: [Quests] Saving Quester data...
[00:13:56] [Server thread/INFO]: [Quests] Closing storage...
[00:13:56] [Server thread/INFO]: [SkinsRestorer] Disabling SkinsRestorer v14.2.12
[00:13:56] [Server thread/INFO]: [Superheroes] Disabling Superheroes v3.13.0
[00:13:56] [Server thread/INFO]: [VillagerTradeSettings] Disabling VillagerTradeSettings v1.0
[00:13:56] [Server thread/INFO]: Saving players
[00:13:56] [Server thread/INFO]: eligaming28 lost connection: Server closed
[00:13:56] [Server thread/INFO]: eligaming28 left the game
[00:13:56] [Server thread/INFO]: Saving worlds
[00:13:56] [Server thread/INFO]: Saving chunks for level 'ServerLevel[world]'/minecraft:overworld
[00:13:56] [Server thread/INFO]: [ChunkHolderManager] Waiting 60s for chunk system to halt for world 'world'
[00:13:56] [Server thread/INFO]: [ChunkHolderManager] Halted chunk system for world 'world'
[00:13:56] [Server thread/INFO]: [ChunkHolderManager] Saving all chunkholders for world 'world'
[00:13:56] [Server thread/INFO]: [ChunkHolderManager] Saved 8 block chunks, 319 entity chunks, 0 poi chunks in world 'world' in 0.06s
[00:13:56] [Server thread/INFO]: ThreadedAnvilChunkStorage (world): All chunks are saved
[00:13:56] [Server thread/INFO]: Saving chunks for level 'ServerLevel[world_nether]'/minecraft:the_nether
[00:13:56] [Server thread/INFO]: [ChunkHolderManager] Waiting 60s for chunk system to halt for world 'world_nether'
[00:13:56] [Server thread/INFO]: [ChunkHolderManager] Halted chunk system for world 'world_nether'
[00:13:56] [Server thread/INFO]: [ChunkHolderManager] Saving all chunkholders for world 'world_nether'
[00:13:57] [Server thread/INFO]: [ChunkHolderManager] Saved 842 block chunks, 73 entity chunks, 0 poi chunks in world 'world_nether' in 0.23s
[00:13:57] [Server thread/INFO]: ThreadedAnvilChunkStorage (DIM-1): All chunks are saved
[00:13:57] [Server thread/INFO]: Saving chunks for level 'ServerLevel[world_the_end]'/minecraft:the_end
[00:13:57] [Server thread/INFO]: [ChunkHolderManager] Waiting 60s for chunk system to halt for world 'world_the_end'
[00:13:57] [Server thread/INFO]: [ChunkHolderManager] Halted chunk system for world 'world_the_end'
[00:13:57] [Server thread/INFO]: [ChunkHolderManager] Saving all chunkholders for world 'world_the_end'
[00:13:57] [Server thread/INFO]: [ChunkHolderManager] Saved 10 block chunks, 10 entity chunks, 0 poi chunks in world 'world_the_end' in 0.01s
[00:13:57] [Server thread/INFO]: ThreadedAnvilChunkStorage (DIM1): All chunks are saved
[00:13:57] [Server thread/INFO]: ThreadedAnvilChunkStorage: All dimensions are saved
[00:13:57] [Server thread/INFO]: Flushing Chunk IO
[00:13:57] [Server thread/INFO]: Closing Thread Pool
[00:13:57] [Server thread/INFO]: Closing Server
